"2019-03-06 14:19:31 [main] INFO  c.s.g.GiphyServiceApplication - Starting GiphyServiceApplication on BLR-STR-SUSHMITHA with PID 15517 (/home/sushmitha/erroneous-code/target/classes started by sushmitha in /home/sushmitha/erroneous-code)
""2019-03-06 14:19:31 [main] DEBUG c.s.g.GiphyServiceApplication - Running with Spring Boot v2.1.1.RELEASE, Spring v5.1.3.RELEASE
""2019-03-06 14:19:31 [main] INFO  c.s.g.GiphyServiceApplication - No active profile set, falling back to default profiles: default
""2019-03-06 14:19:32 [main] INFO  o.s.d.r.c.RepositoryConfigurationDelegate - Bootstrapping Spring Data repositories in DEFAULT mode.
""2019-03-06 14:19:32 [main] INFO  o.s.d.r.c.RepositoryConfigurationDelegate - Finished Spring Data repository scanning in 40ms. Found 1 repository interfaces.
""2019-03-06 14:19:32 [main] INFO  o.s.b.w.e.tomcat.TomcatWebServer - Tomcat initialized with port(s): 8080 (http)
""2019-03-06 14:19:32 [main] INFO  o.a.catalina.core.StandardService - Starting service [Tomcat]
""2019-03-06 14:19:32 [main] INFO  o.a.catalina.core.StandardEngine - Starting Servlet Engine: Apache Tomcat/9.0.13
""2019-03-06 14:19:32 [main] INFO  o.a.c.core.AprLifecycleListener - The APR based Apache Tomcat Native library which allows optimal performance in production environments was not found on the java.library.path: [/usr/java/packages/lib:/usr/lib64:/lib64:/lib:/usr/lib]
""2019-03-06 14:19:32 [main] INFO  o.a.c.c.C.[Tomcat].[localhost].[/] - Initializing Spring embedded WebApplicationContext
""2019-03-06 14:19:33 [main] INFO  org.mongodb.driver.cluster - Cluster created with settings {hosts=[localhost:27017], mode=SINGLE, requiredClusterType=UNKNOWN, serverSelectionTimeout='30000 ms', maxWaitQueueSize=500}
""2019-03-06 14:19:33 [cluster-ClusterId{value='5c7f899d88c0373c9dd61906', description='null'}-localhost:27017] INFO  org.mongodb.driver.connection - Opened connection [connectionId{localValue:1, serverValue:5}] to localhost:27017
""2019-03-06 14:19:33 [cluster-ClusterId{value='5c7f899d88c0373c9dd61906', description='null'}-localhost:27017] INFO  org.mongodb.driver.cluster - Monitor thread successfully connected to server with description ServerDescription{address=localhost:27017, type=STANDALONE, state=CONNECTED, ok=true, version=ServerVersion{versionList=[4, 0, 6]}, minWireVersion=0, maxWireVersion=7, maxDocumentSize=16777216, logicalSessionTimeoutMinutes=30, roundTripTimeNanos=1846663}
""2019-03-06 14:19:33 [main] INFO  s.d.s.w.PropertySourcedRequestMappingHandlerMapping - Mapped URL path [/v2/api-docs] onto method [public org.springframework.http.ResponseEntity<springfox.documentation.spring.web.json.Json> springfox.documentation.swagger2.web.Swagger2Controller.getDocumentation(java.lang.String,javax.servlet.http.HttpServletRequest)]
""2019-03-06 14:19:33 [main] INFO  o.s.s.c.ThreadPoolTaskExecutor - Initializing ExecutorService 'applicationTaskExecutor'
""2019-03-06 14:19:33 [main] INFO  s.d.s.w.p.DocumentationPluginsBootstrapper - Context refreshed
""2019-03-06 14:19:33 [main] INFO  s.d.s.w.p.DocumentationPluginsBootstrapper - Found 1 custom documentation plugin(s)
""2019-03-06 14:19:33 [main] INFO  s.d.s.w.s.ApiListingReferenceScanner - Scanning for api listing references
""2019-03-06 14:19:34 [main] INFO  o.s.b.w.e.tomcat.TomcatWebServer - Tomcat started on port(s): 8080 (http) with context path ''
""2019-03-06 14:19:34 [main] INFO  c.s.g.GiphyServiceApplication - Started GiphyServiceApplication in 3.155 seconds (JVM running for 3.757)
""2019-03-06 14:19:50 [http-nio-8080-exec-1] INFO  o.a.c.c.C.[Tomcat].[localhost].[/] - Initializing Spring DispatcherServlet 'dispatcherServlet'
""2019-03-06 14:19:50 [http-nio-8080-exec-1] INFO  org.mongodb.driver.connection - Opened connection [connectionId{localValue:2, serverValue:6}] to localhost:27017
""2019-03-06 14:19:50 [http-nio-8080-exec-1] ERROR c.s.g.controller.GifController - This gif is already there in the database...Try another one!!
""2019-03-06 14:20:08 [http-nio-8080-exec-2] INFO  c.s.g.controller.GifController - The gif is saved to the database successfully!!!
"